<?xml version="1.0" encoding="UTF-8"?>
<testsuite name="io.turntabl.ClientRegisterTest" tests="1" skipped="0" failures="0" errors="0" timestamp="2019-11-05T11:52:53" hostname="sammy" time="0.082">
  <properties/>
  <testcase name="testCountServiceLevel" classname="io.turntabl.ClientRegisterTest" time="0.082"/>
  <system-out><![CDATA[{Premium=1, Platinum=2, Gold=3}
]]></system-out>
  <system-err><![CDATA[]]></system-err>
</testsuite>
