<?xml version="1.0" encoding="UTF-8"?>
<testsuite name="io.turntabl.ClientRegisterTest" tests="1" skipped="0" failures="0" errors="0" timestamp="2019-11-04T11:49:30" hostname="sammy" time="0.018">
  <properties/>
  <testcase name="testCountServiceLevel" classname="io.turntabl.ClientRegisterTest" time="0.018"/>
  <system-out><![CDATA[]]></system-out>
  <system-err><![CDATA[]]></system-err>
</testsuite>
